<?xml version="1.0" encoding="UTF-8"?>
<!-- Generated by org.testng.reporters.JUnitReportReporter -->
<testsuite hostname="selenium3" failures="0" tests="6" name="runner.MyTestRunner" time="10.201" errors="0" timestamp="2025-01-16T12:41:41 IST" skipped="0">
  <testcase classname="runner.MyTestRunner" name="f" time="0.009"/>
  <system-out/>
  <testcase classname="runner.MyTestRunner" name="runScenario" time="2.261"/>
  <system-out/>
  <testcase classname="runner.MyTestRunner" name="runScenario" time="0.968"/>
  <system-out/>
  <testcase classname="runner.MyTestRunner" name="runScenario" time="1.646"/>
  <system-out/>
  <testcase classname="runner.MyTestRunner" name="runScenario" time="0.277"/>
  <system-out/>
  <testcase classname="runner.MyTestRunner" name="runScenario" time="5.040"/>
  <system-out/>
</testsuite> <!-- runner.MyTestRunner -->
