<?xml version="1.0" encoding="UTF-8"?>
<!-- Generated by org.testng.reporters.JUnitReportReporter -->
<testsuite hostname="LAPTOP-GVOBNBCQ" failures="0" tests="6" name="runner.MyTestRunner" time="14.561" errors="0" timestamp="2025-01-15T19:41:37 IST" skipped="0">
  <testcase classname="runner.MyTestRunner" name="runScenario" time="5.034"/>
  <system-out/>
  <testcase classname="runner.MyTestRunner" name="runScenario" time="2.479"/>
  <system-out/>
  <testcase classname="runner.MyTestRunner" name="f" time="0.012"/>
  <system-out/>
  <testcase classname="runner.MyTestRunner" name="runScenario" time="0.717"/>
  <system-out/>
  <testcase classname="runner.MyTestRunner" name="runScenario" time="6.078"/>
  <system-out/>
  <testcase classname="runner.MyTestRunner" name="runScenario" time="0.241"/>
  <system-out/>
</testsuite> <!-- runner.MyTestRunner -->
