<?xml version="1.0" encoding="UTF-8"?>
<!-- Generated by org.testng.reporters.JUnitReportReporter -->
<testsuite hostname="LAPTOP-GVOBNBCQ" failures="0" tests="6" name="runner.MyTestRunner" time="14.160" errors="0" timestamp="2025-01-15T20:00:09 IST" skipped="0">
  <testcase classname="runner.MyTestRunner" name="f" time="0.002"/>
  <system-out/>
  <testcase classname="runner.MyTestRunner" name="runScenario" time="2.096"/>
  <system-out/>
  <testcase classname="runner.MyTestRunner" name="runScenario" time="0.983"/>
  <system-out/>
  <testcase classname="runner.MyTestRunner" name="runScenario" time="5.803"/>
  <system-out/>
  <testcase classname="runner.MyTestRunner" name="runScenario" time="5.097"/>
  <system-out/>
  <testcase classname="runner.MyTestRunner" name="runScenario" time="0.179"/>
  <system-out/>
</testsuite> <!-- runner.MyTestRunner -->
