<?xml version="1.0" encoding="UTF-8"?>
<!-- Generated by org.testng.reporters.JUnitReportReporter -->
<testsuite hostname="selenium33" failures="0" tests="3" name="runner.MyTestRunner" time="6.502" errors="1" timestamp="2024-12-25T17:08:10 IST" skipped="0">
  <testcase classname="runner.MyTestRunner" name="runScenario" time="6.442"/>
  <system-out/>
  <testcase classname="runner.MyTestRunner" name="f" time="0.002"/>
  <system-out/>
  <testcase classname="runner.MyTestRunner" name="runScenario" time="0.058">
    <error message="Cannot invoke &quot;org.openqa.selenium.WebDriver.manage()&quot; because &quot;this.driver&quot; is null" type="java.lang.NullPointerException">
      <![CDATA[java.lang.NullPointerException: Cannot invoke "org.openqa.selenium.WebDriver.manage()" because "this.driver" is null
at stepDefs.ArticleStep.user_should_be_on_new_article_page(ArticleStep.java:20)
at âœ½.User should be on New Article Page(file:///C:/eclipse/workspace_vineet/FinalProject/src/test/resources/features/conduit.feature:9)
]]>
    </error>
  </testcase> <!-- runScenario -->
  <system-out/>
</testsuite> <!-- runner.MyTestRunner -->
